app/build/intermediates/manifest_merge_blame_file/debug/manifest-merger-blame-debug-report.txt
1<?xml version="1.0" encoding="utf-8"?>
2<manifest xmlns:android="http://schemas.android.com/apk/res/android"
3    package="com.example.android.devbyteviewer"
4    android:versionCode="1"
5    android:versionName="1.0" >
6
7    <uses-sdk
8        android:minSdkVersion="19"
8-->src\main\AndroidManifest.xml
9        android:targetSdkVersion="30" />
9-->src\main\AndroidManifest.xml
10
11    <uses-permission android:name="android.permission.INTERNET" />
11-->src\main\AndroidManifest.xml:6:5-67
11-->src\main\AndroidManifest.xml:6:22-64
12// layth:application started and do not foret the action
13    <application
13-->src\main\AndroidManifest.xml:8:5-24:19
14        android:name="com.example.android.devbyteviewer.DevByteApplication"
14-->src\main\AndroidManifest.xml:9:9-43
15        android:allowBackup="true"
15-->src\main\AndroidManifest.xml:10:9-35
16        android:appComponentFactory="androidx.core.app.CoreComponentFactory"
16-->[androidx.core:core:1.3.1] AndroidManifest.xml:24:18-86
17        android:debuggable="true"
18        android:icon="@mipmap/ic_launcher"
18-->src\main\AndroidManifest.xml:11:9-43
19        android:label="@string/app_name"
19-->src\main\AndroidManifest.xml:12:9-41
20        android:roundIcon="@mipmap/ic_launcher_round"
20-->src\main\AndroidManifest.xml:13:9-54
21        android:supportsRtl="true"
21-->src\main\AndroidManifest.xml:14:9-35
22        android:testOnly="true"
23        android:theme="@style/AppTheme" >
23-->src\main\AndroidManifest.xml:15:9-40
24        <activity android:name="com.example.android.devbyteviewer.ui.DevByteActivity" >
24-->src\main\AndroidManifest.xml:17:9-23:20
24-->src\main\AndroidManifest.xml:17:19-53
25            <intent-filter>
25-->src\main\AndroidManifest.xml:18:13-22:29
26                <action android:name="android.intent.action.MAIN" />
26-->src\main\AndroidManifest.xml:19:17-69
26-->src\main\AndroidManifest.xml:19:25-66
27
28                <category android:name="android.intent.category.LAUNCHER" />
28-->src\main\AndroidManifest.xml:21:17-77
28-->src\main\AndroidManifest.xml:21:27-74
29            </intent-filter>
30        </activity>
31
32        <service
32-->[androidx.room:room-runtime:2.2.0] AndroidManifest.xml:25:9-27:40
33            android:name="androidx.room.MultiInstanceInvalidationService"
33-->[androidx.room:room-runtime:2.2.0] AndroidManifest.xml:26:13-74
34            android:exported="false" />
34-->[androidx.room:room-runtime:2.2.0] AndroidManifest.xml:27:13-37
35
36        <provider
36-->[androidx.lifecycle:lifecycle-process:2.2.0] AndroidManifest.xml:25:9-29:43
37            android:name="androidx.lifecycle.ProcessLifecycleOwnerInitializer"
37-->[androidx.lifecycle:lifecycle-process:2.2.0] AndroidManifest.xml:26:13-79
38            android:authorities="com.example.android.devbyteviewer.lifecycle-process"
38-->[androidx.lifecycle:lifecycle-process:2.2.0] AndroidManifest.xml:27:13-69
39            android:exported="false"
39-->[androidx.lifecycle:lifecycle-process:2.2.0] AndroidManifest.xml:28:13-37
40            android:multiprocess="true" />
40-->[androidx.lifecycle:lifecycle-process:2.2.0] AndroidManifest.xml:29:13-40
41    </application>
42
43</manifest>